============================= test session starts ==============================
platform darwin -- Python 3.11.14, pytest-9.0.1, pluggy-1.6.0
rootdir: /Users/jonathanreed/Downloads/JR-AutoRAG/api
configfile: pyproject.toml
testpaths: tests
plugins: anyio-4.11.0, asyncio-1.3.0, langsmith-0.4.42, typeguard-4.4.4, hydra-core-1.3.2, cov-7.0.0
asyncio: mode=Mode.STRICT, debug=False, asyncio_default_fixture_loop_scope=None, asyncio_default_test_loop_scope=function
collected 165 items

tests/api/test_endpoints.py ..                                           [  1%]
tests/test_advanced_integration.py ........................              [ 15%]
tests/test_binary_quantization.py ..........................             [ 31%]
tests/test_bq_retrieval.py .....................                         [ 44%]
tests/test_metrics_alignment.py ..                                       [ 45%]
tests/test_milvus_store.py .....................                         [ 58%]
tests/test_pipeline_stages.py .......................................... [ 83%]
                                                                         [ 83%]
tests/test_smoke.py .....                                                [ 86%]
tests/test_sota_final.py .....                                           [ 89%]
tests/test_vnext_expansion.py .................                          [100%]

============================= 165 passed in 19.80s =============================
exit_code=0
