$ <venv>/bin/python -m pytest api/tests/api/test_endpoints.py api/tests/test_vnext_expansion.py api/tests/test_langextract_enricher.py
============================= test session starts ==============================
platform darwin -- Python 3.11.15, pytest-9.0.3, pluggy-1.6.0
rootdir: <repo>/api
plugins: cov-5.0.0, respx-0.21.1, asyncio-1.3.0, timeout-2.3.1, anyio-4.13.0
asyncio: mode=Mode.STRICT, debug=False, asyncio_default_fixture_loop_scope=None, asyncio_default_test_loop_scope=function
collected 35 items

tests/api/test_endpoints.py ........                                     [ 22%]
tests/test_vnext_expansion.py ......................                     [ 85%]
tests/test_langextract_enricher.py .....                                 [100%]

======================== 35 passed in 86.37s (0:01:26) =========================
exit_code=0
