$ <venv>/bin/python -m pytest
============================= test session starts ==============================
platform darwin -- Python 3.11.15, pytest-9.0.3, pluggy-1.6.0
rootdir: <repo>/api
plugins: cov-5.0.0, respx-0.21.1, asyncio-1.3.0, timeout-2.3.1, anyio-4.13.0
asyncio: mode=Mode.STRICT, debug=False, asyncio_default_fixture_loop_scope=None, asyncio_default_test_loop_scope=function
collected 181 items

tests/api/test_endpoints.py ........                                     [  4%]
tests/test_advanced_integration.py ........................              [ 17%]
tests/test_binary_quantization.py ..........................             [ 32%]
tests/test_bq_retrieval.py .....................                         [ 43%]
tests/test_langextract_enricher.py .....                                 [ 46%]
tests/test_metrics_alignment.py ..                                       [ 47%]
tests/test_milvus_store.py .....................                         [ 59%]
tests/test_pipeline_stages.py .......................................... [ 82%]
                                                                         [ 82%]
tests/test_smoke.py .....                                                [ 85%]
tests/test_sota_final.py .....                                           [ 87%]
tests/test_vnext_expansion.py ......................                     [100%]

======================== 181 passed in 69.56s (0:01:09) ========================
exit_code=0
